TN:
SF:src/modules/accounts/useCases/createSession/createSessionController.ts
FN:8,CreateSessionController
FN:9,CreateSessionController._this.handle
FNF:2
FNH:2
FNDA:1,CreateSessionController
FNDA:1,CreateSessionController._this.handle
DA:1,1
DA:2,1
DA:3,1
DA:4,1
DA:5,1
DA:6,1
DA:7,1
DA:8,1
DA:9,1
DA:10,1
DA:11,1
DA:12,1
DA:13,1
DA:14,1
DA:15,1
DA:16,1
DA:17,1
DA:18,1
DA:19,1
DA:20,1
DA:21,1
DA:22,1
DA:23,1
DA:24,1
DA:25,1
LF:25
LH:25
BRDA:8,0,0,1
BRDA:8,1,0,1
BRDA:9,2,0,1
BRDA:9,3,0,1
BRF:4
BRH:4
end_of_record
TN:
SF:src/modules/accounts/useCases/createSession/createSessionUseCase.ts
FN:12,CreateUserUseCase
FN:19,Object.<anonymous>.CreateUserUseCase.execute
FNF:2
FNH:2
FNDA:1,CreateUserUseCase
FNDA:1,Object.<anonymous>.CreateUserUseCase.execute
DA:1,1
DA:2,1
DA:3,1
DA:4,1
DA:5,1
DA:6,1
DA:7,1
DA:8,1
DA:9,1
DA:10,1
DA:11,1
DA:12,1
DA:13,1
DA:14,1
DA:15,1
DA:16,1
DA:17,1
DA:18,1
DA:19,1
DA:20,1
DA:21,1
DA:22,1
DA:23,1
DA:24,1
DA:25,1
DA:26,0
DA:27,0
DA:28,1
DA:29,1
DA:30,1
DA:31,1
DA:32,0
DA:33,0
DA:34,1
DA:35,1
DA:36,1
DA:37,1
DA:38,1
DA:39,1
DA:40,1
DA:41,1
DA:42,1
DA:43,1
DA:44,1
DA:45,0
DA:46,0
DA:47,1
DA:48,1
DA:49,1
DA:50,1
DA:51,1
DA:52,1
DA:53,1
LF:53
LH:47
BRDA:11,0,0,1
BRDA:12,1,0,1
BRDA:19,2,0,1
BRDA:23,3,0,1
BRDA:25,4,0,0
BRDA:31,5,0,0
BRDA:37,6,0,0
BRDA:44,7,0,0
BRF:8
BRH:4
end_of_record
TN:
SF:src/modules/accounts/useCases/createUser/createUserController.ts
FN:7,CreateUserController
FN:8,CreateUserController._this.handle
FNF:2
FNH:2
FNDA:1,CreateUserController
FNDA:2,CreateUserController._this.handle
DA:1,1
DA:2,1
DA:3,1
DA:4,1
DA:5,1
DA:6,1
DA:7,1
DA:8,1
DA:9,2
DA:10,2
DA:11,2
DA:12,2
DA:13,2
DA:14,2
DA:15,2
DA:16,2
DA:17,2
DA:18,2
DA:19,2
DA:20,2
DA:21,1
DA:22,1
DA:23,1
DA:24,1
DA:25,2
DA:26,1
LF:26
LH:26
BRDA:7,0,0,1
BRDA:7,1,0,1
BRDA:8,2,0,2
BRDA:8,3,0,2
BRDA:20,4,0,1
BRF:5
BRH:5
end_of_record
TN:
SF:src/modules/accounts/useCases/createUser/createUserUseCase.ts
FN:11,CreateUserUseCase
FN:18,Object.<anonymous>.CreateUserUseCase.execute
FNF:2
FNH:2
FNDA:2,CreateUserUseCase
FNDA:2,Object.<anonymous>.CreateUserUseCase.execute
DA:1,1
DA:2,1
DA:3,1
DA:4,1
DA:5,1
DA:6,1
DA:7,1
DA:8,1
DA:9,1
DA:10,1
DA:11,1
DA:12,2
DA:13,2
DA:14,2
DA:15,2
DA:16,2
DA:17,1
DA:18,1
DA:19,2
DA:20,2
DA:21,2
DA:22,2
DA:23,2
DA:24,2
DA:25,2
DA:26,2
DA:27,2
DA:28,2
DA:29,1
DA:30,1
DA:31,1
DA:32,1
DA:33,2
DA:34,2
DA:35,2
DA:36,2
DA:37,2
DA:38,2
DA:39,2
DA:40,2
DA:41,2
DA:42,0
DA:43,0
DA:44,2
DA:45,2
DA:46,2
DA:47,1
LF:47
LH:45
BRDA:10,0,0,1
BRDA:11,1,0,2
BRDA:18,2,0,2
BRDA:24,3,0,2
BRDA:28,4,0,1
BRDA:41,5,0,0
BRF:6
BRH:5
end_of_record
TN:
SF:src/modules/accounts/useCases/updateUserAvatar/updateUserAvatarController.ts
FN:7,UpdateUserAvatarController
FN:8,UpdateUserAvatarController._this.handle
FNF:2
FNH:1
FNDA:1,UpdateUserAvatarController
FNDA:0,UpdateUserAvatarController._this.handle
DA:1,1
DA:2,1
DA:3,1
DA:4,1
DA:5,1
DA:6,1
DA:7,1
DA:8,1
DA:9,0
DA:10,0
DA:11,0
DA:12,0
DA:13,0
DA:14,0
DA:15,0
DA:16,0
DA:17,0
DA:18,0
DA:19,0
DA:20,0
DA:21,1
LF:21
LH:9
BRDA:7,0,0,1
BRDA:7,1,0,1
BRF:2
BRH:2
end_of_record
TN:
SF:src/modules/accounts/useCases/updateUserAvatar/updateUserAvatarUseCase.ts
FN:9,UpdateUserAvatarUseCase
FN:16,Object.<anonymous>.UpdateUserAvatarUseCase.execute
FNF:2
FNH:0
FNDA:0,UpdateUserAvatarUseCase
FNDA:0,Object.<anonymous>.UpdateUserAvatarUseCase.execute
DA:1,1
DA:2,1
DA:3,1
DA:4,1
DA:5,1
DA:6,1
DA:7,1
DA:8,1
DA:9,1
DA:10,0
DA:11,0
DA:12,0
DA:13,0
DA:14,0
DA:15,1
DA:16,1
DA:17,0
DA:18,0
DA:19,0
DA:20,0
DA:21,0
DA:22,0
DA:23,0
DA:24,0
DA:25,0
DA:26,0
DA:27,0
DA:28,0
DA:29,0
DA:30,0
DA:31,0
DA:32,0
DA:33,0
DA:34,1
LF:34
LH:12
BRDA:8,0,0,1
BRF:1
BRH:1
end_of_record
TN:
SF:src/modules/cars/useCases/createCar/createCarController.ts
FN:8,CreateCarController
FN:9,CreateCarController._this.handle
FNF:2
FNH:2
FNDA:1,CreateCarController
FNDA:1,CreateCarController._this.handle
DA:1,1
DA:2,1
DA:3,1
DA:4,1
DA:5,1
DA:6,1
DA:7,1
DA:8,1
DA:9,1
DA:10,1
DA:11,1
DA:12,1
DA:13,1
DA:14,1
DA:15,1
DA:16,1
DA:17,1
DA:18,1
DA:19,1
DA:20,1
DA:21,1
DA:22,1
DA:23,1
DA:24,1
DA:25,1
DA:26,1
DA:27,1
DA:28,1
DA:29,1
DA:30,1
DA:31,1
DA:32,1
DA:33,1
DA:34,1
DA:35,0
DA:36,0
DA:37,1
DA:38,1
LF:38
LH:36
BRDA:8,0,0,1
BRDA:8,1,0,1
BRDA:9,2,0,1
BRDA:9,3,0,1
BRDA:35,4,0,0
BRF:5
BRH:4
end_of_record
TN:
SF:src/modules/cars/useCases/createCar/createCarUseCase.ts
FN:10,CreateCarUseCase
FN:17,Object.<anonymous>.CreateCarUseCase.execute
FNF:2
FNH:2
FNDA:1,CreateCarUseCase
FNDA:1,Object.<anonymous>.CreateCarUseCase.execute
DA:1,1
DA:2,1
DA:3,1
DA:4,1
DA:5,1
DA:6,1
DA:7,1
DA:8,1
DA:9,1
DA:10,1
DA:11,1
DA:12,1
DA:13,1
DA:14,1
DA:15,1
DA:16,1
DA:17,1
DA:18,1
DA:19,1
DA:20,1
DA:21,1
DA:22,1
DA:23,1
DA:24,1
DA:25,1
DA:26,1
DA:27,1
DA:28,1
DA:29,1
DA:30,1
DA:31,1
DA:32,1
DA:33,1
DA:34,1
DA:35,1
DA:36,1
DA:37,1
DA:38,1
DA:39,1
DA:40,1
DA:41,1
DA:42,1
DA:43,1
DA:44,1
LF:44
LH:44
BRDA:9,0,0,1
BRDA:10,1,0,1
BRDA:17,2,0,1
BRDA:27,3,0,1
BRDA:30,4,0,0
BRF:5
BRH:4
end_of_record
TN:
SF:src/modules/cars/useCases/createCarsImages/createCarsImagesController.ts
FN:7,CreateCarsImagesController
FN:8,CreateCarsImagesController._this.handle
FNF:2
FNH:1
FNDA:1,CreateCarsImagesController
FNDA:0,CreateCarsImagesController._this.handle
DA:1,1
DA:2,1
DA:3,1
DA:4,1
DA:5,1
DA:6,1
DA:7,1
DA:8,1
DA:9,0
DA:10,0
DA:11,0
DA:12,0
DA:13,0
DA:14,0
DA:15,0
DA:16,0
DA:17,0
DA:18,0
DA:19,0
DA:20,0
DA:21,0
DA:22,0
DA:23,0
DA:24,0
DA:25,0
DA:26,1
LF:26
LH:9
BRDA:7,0,0,1
BRDA:7,1,0,1
BRF:2
BRH:2
end_of_record
TN:
SF:src/modules/cars/useCases/createCarsImages/createCarsImagesUseCase.ts
FN:10,CreateCarsImagesUseCase
FN:17,Object.<anonymous>.CreateCarsImagesUseCase.execute
FNF:2
FNH:0
FNDA:0,CreateCarsImagesUseCase
FNDA:0,Object.<anonymous>.CreateCarsImagesUseCase.execute
DA:1,1
DA:2,1
DA:3,1
DA:4,1
DA:5,1
DA:6,1
DA:7,1
DA:8,1
DA:9,1
DA:10,1
DA:11,0
DA:12,0
DA:13,0
DA:14,0
DA:15,0
DA:16,1
DA:17,1
DA:18,0
DA:19,0
DA:20,0
DA:21,0
DA:22,0
DA:23,0
DA:24,0
DA:25,0
DA:26,0
DA:27,0
DA:28,0
DA:29,0
DA:30,0
DA:31,0
DA:32,0
DA:33,0
DA:34,0
DA:35,0
DA:36,0
DA:37,0
DA:38,0
DA:39,0
DA:40,0
DA:41,0
DA:42,0
DA:43,0
DA:44,0
DA:45,0
DA:46,0
DA:47,1
LF:47
LH:13
BRDA:9,0,0,1
BRF:1
BRH:1
end_of_record
TN:
SF:src/modules/cars/useCases/createCategory/createCategoryController.ts
FN:8,CreateCategoryController
FN:9,CreateCategoryController._this.handle
FNF:2
FNH:2
FNDA:1,CreateCategoryController
FNDA:2,CreateCategoryController._this.handle
DA:1,1
DA:2,1
DA:3,1
DA:4,1
DA:5,1
DA:6,1
DA:7,1
DA:8,1
DA:9,1
DA:10,2
DA:11,2
DA:12,2
DA:13,2
DA:14,2
DA:15,2
DA:16,2
DA:17,2
DA:18,2
DA:19,2
DA:20,2
DA:21,2
DA:22,2
DA:23,2
DA:24,2
DA:25,1
LF:25
LH:25
BRDA:8,0,0,1
BRDA:8,1,0,1
BRDA:9,2,0,2
BRDA:9,3,0,2
BRF:4
BRH:4
end_of_record
TN:
SF:src/modules/cars/useCases/createCategory/createCategoryUseCase.ts
FN:14,CreateCategoryUseCase
FN:21,Object.<anonymous>.CreateCategoryUseCase.execute
FNF:2
FNH:2
FNDA:2,CreateCategoryUseCase
FNDA:2,Object.<anonymous>.CreateCategoryUseCase.execute
DA:1,1
DA:2,1
DA:3,1
DA:4,1
DA:5,1
DA:6,1
DA:7,1
DA:8,1
DA:9,1
DA:10,1
DA:11,1
DA:12,1
DA:13,1
DA:14,1
DA:15,2
DA:16,2
DA:17,2
DA:18,2
DA:19,2
DA:20,1
DA:21,1
DA:22,2
DA:23,2
DA:24,2
DA:25,2
DA:26,0
DA:27,0
DA:28,2
DA:29,2
DA:30,2
DA:31,2
DA:32,2
DA:33,2
DA:34,2
DA:35,2
DA:36,1
LF:36
LH:34
BRDA:13,0,0,1
BRDA:14,1,0,2
BRDA:21,2,0,2
BRDA:23,3,0,2
BRDA:25,4,0,0
BRF:5
BRH:4
end_of_record
TN:
SF:src/modules/cars/useCases/createSpecification/createSpecificationController.ts
FN:7,CreateSpecificationController
FN:8,CreateSpecificationController._this.handle
FNF:2
FNH:2
FNDA:1,CreateSpecificationController
FNDA:2,CreateSpecificationController._this.handle
DA:1,1
DA:2,1
DA:3,1
DA:4,1
DA:5,1
DA:6,1
DA:7,1
DA:8,1
DA:9,2
DA:10,2
DA:11,2
DA:12,2
DA:13,2
DA:14,2
DA:15,2
DA:16,2
DA:17,2
DA:18,2
DA:19,2
DA:20,2
DA:21,2
DA:22,2
DA:23,2
DA:24,1
LF:24
LH:24
BRDA:7,0,0,1
BRDA:7,1,0,1
BRDA:8,2,0,2
BRDA:8,3,0,2
BRF:4
BRH:4
end_of_record
TN:
SF:src/modules/cars/useCases/createSpecification/createSpecificationUseCase.ts
FN:14,CreateSpecificationUseCase
FN:21,Object.<anonymous>.CreateSpecificationUseCase.execute
FNF:2
FNH:2
FNDA:2,CreateSpecificationUseCase
FNDA:2,Object.<anonymous>.CreateSpecificationUseCase.execute
DA:1,1
DA:2,1
DA:3,1
DA:4,1
DA:5,1
DA:6,1
DA:7,1
DA:8,1
DA:9,1
DA:10,1
DA:11,1
DA:12,1
DA:13,1
DA:14,1
DA:15,2
DA:16,2
DA:17,2
DA:18,2
DA:19,2
DA:20,1
DA:21,1
DA:22,2
DA:23,2
DA:24,2
DA:25,2
DA:26,2
DA:27,2
DA:28,2
DA:29,0
DA:30,0
DA:31,2
DA:32,2
DA:33,2
DA:34,2
DA:35,2
DA:36,2
DA:37,2
DA:38,2
DA:39,1
LF:39
LH:37
BRDA:13,0,0,1
BRDA:14,1,0,2
BRDA:21,2,0,2
BRDA:26,3,0,2
BRDA:28,4,0,0
BRF:5
BRH:4
end_of_record
TN:
SF:src/modules/cars/useCases/createSpecificationToCar/createSpecificationToCarController.ts
FN:8,CreateSpecificationController
FN:9,CreateSpecificationController._this.handle
FNF:2
FNH:2
FNDA:1,CreateSpecificationController
FNDA:2,CreateSpecificationController._this.handle
DA:1,1
DA:2,1
DA:3,1
DA:4,1
DA:5,1
DA:6,1
DA:7,1
DA:8,1
DA:9,1
DA:10,2
DA:11,2
DA:12,2
DA:13,2
DA:14,2
DA:15,2
DA:16,2
DA:17,2
DA:18,1
DA:19,1
DA:20,1
DA:21,1
DA:22,2
DA:23,1
LF:23
LH:23
BRDA:8,0,0,1
BRDA:8,1,0,1
BRDA:9,2,0,2
BRDA:9,3,0,2
BRDA:17,4,0,1
BRF:5
BRH:5
end_of_record
TN:
SF:src/modules/cars/useCases/createSpecificationToCar/createSpecificationToCarUseCase.ts
FN:9,CreateSpecificationToCarUseCase
FN:18,Object.<anonymous>.CreateSpecificationToCarUseCase.execute
FNF:2
FNH:2
FNDA:2,CreateSpecificationToCarUseCase
FNDA:2,Object.<anonymous>.CreateSpecificationToCarUseCase.execute
DA:1,1
DA:2,1
DA:3,1
DA:4,1
DA:5,1
DA:6,1
DA:7,1
DA:8,1
DA:9,1
DA:10,2
DA:11,2
DA:12,2
DA:13,2
DA:14,2
DA:15,2
DA:16,2
DA:17,1
DA:18,1
DA:19,2
DA:20,2
DA:21,2
DA:22,1
DA:23,1
DA:24,1
DA:25,1
DA:26,1
DA:27,1
DA:28,2
DA:29,2
DA:30,2
DA:31,2
DA:32,2
DA:33,2
DA:34,2
DA:35,1
LF:35
LH:35
BRDA:8,0,0,1
BRDA:9,1,0,2
BRDA:18,2,0,2
BRDA:19,3,0,2
BRDA:21,4,0,1
BRF:5
BRH:5
end_of_record
TN:
SF:src/modules/cars/useCases/importCategory/importCategoryController.ts
FN:9,CreateSpecificationController
FN:10,CreateSpecificationController._this.handle
FNF:2
FNH:1
FNDA:1,CreateSpecificationController
FNDA:0,CreateSpecificationController._this.handle
DA:1,1
DA:2,1
DA:3,1
DA:4,1
DA:5,1
DA:6,1
DA:7,1
DA:8,1
DA:9,1
DA:10,1
DA:11,0
DA:12,0
DA:13,0
DA:14,0
DA:15,0
DA:16,0
DA:17,0
DA:18,0
DA:19,0
DA:20,0
DA:21,0
DA:22,0
DA:23,1
LF:23
LH:11
BRDA:9,0,0,1
BRDA:9,1,0,1
BRF:2
BRH:2
end_of_record
TN:
SF:src/modules/cars/useCases/importCategory/importCategoryUseCase.ts
FN:16,CraeteSpceificationService
FN:23,Object.<anonymous>.CraeteSpceificationService.loadCategories
FN:45,Object.<anonymous>.CraeteSpceificationService.execute
FNF:3
FNH:0
FNDA:0,CraeteSpceificationService
FNDA:0,Object.<anonymous>.CraeteSpceificationService.loadCategories
FNDA:0,Object.<anonymous>.CraeteSpceificationService.execute
DA:1,1
DA:2,1
DA:3,1
DA:4,1
DA:5,1
DA:6,1
DA:7,1
DA:8,1
DA:9,1
DA:10,1
DA:11,1
DA:12,1
DA:13,1
DA:14,1
DA:15,1
DA:16,1
DA:17,0
DA:18,0
DA:19,0
DA:20,0
DA:21,0
DA:22,1
DA:23,1
DA:24,0
DA:25,0
DA:26,0
DA:27,0
DA:28,0
DA:29,0
DA:30,0
DA:31,0
DA:32,0
DA:33,0
DA:34,0
DA:35,0
DA:36,0
DA:37,0
DA:38,0
DA:39,0
DA:40,0
DA:41,0
DA:42,0
DA:43,0
DA:44,1
DA:45,1
DA:46,0
DA:47,0
DA:48,0
DA:49,0
DA:50,0
DA:51,0
DA:52,0
DA:53,0
DA:54,0
DA:55,0
DA:56,0
DA:57,0
DA:58,0
DA:59,1
LF:59
LH:21
BRDA:15,0,0,1
BRF:1
BRH:1
end_of_record
TN:
SF:src/modules/cars/useCases/listAvailableCars/listAvailableCarsController.ts
FN:7,ListAvailableCarsController
FN:8,ListAvailableCarsController._this.handle
FNF:2
FNH:2
FNDA:1,ListAvailableCarsController
FNDA:2,ListAvailableCarsController._this.handle
DA:1,1
DA:2,1
DA:3,1
DA:4,1
DA:5,1
DA:6,1
DA:7,1
DA:8,1
DA:9,2
DA:10,2
DA:11,2
DA:12,2
DA:13,2
DA:14,2
DA:15,2
DA:16,2
DA:17,2
DA:18,2
DA:19,2
DA:20,1
DA:21,1
DA:22,1
DA:23,1
DA:24,2
DA:25,1
LF:25
LH:25
BRDA:7,0,0,1
BRDA:7,1,0,1
BRDA:8,2,0,2
BRDA:8,3,0,2
BRDA:19,4,0,1
BRF:5
BRH:5
end_of_record
TN:
SF:src/modules/cars/useCases/listAvailableCars/listAvailableCarsUseCase.ts
FN:9,ListAvailableCarsUseCase
FN:16,Object.<anonymous>.ListAvailableCarsUseCase.execute
FNF:2
FNH:2
FNDA:2,ListAvailableCarsUseCase
FNDA:2,Object.<anonymous>.ListAvailableCarsUseCase.execute
DA:1,1
DA:2,1
DA:3,1
DA:4,1
DA:5,1
DA:6,1
DA:7,1
DA:8,1
DA:9,1
DA:10,2
DA:11,2
DA:12,2
DA:13,2
DA:14,2
DA:15,1
DA:16,1
DA:17,2
DA:18,2
DA:19,2
DA:20,2
DA:21,2
DA:22,2
DA:23,2
DA:24,2
DA:25,2
DA:26,2
DA:27,2
DA:28,1
DA:29,1
DA:30,1
DA:31,1
DA:32,2
DA:33,1
LF:33
LH:33
BRDA:8,0,0,1
BRDA:9,1,0,2
BRDA:16,2,0,2
BRDA:21,3,0,2
BRDA:27,4,0,1
BRF:5
BRH:5
end_of_record
TN:
SF:src/modules/cars/useCases/listCategories/listCategoriesController.ts
FN:7,listCategoryController
FN:8,_this.handle
FNF:2
FNH:2
FNDA:1,listCategoryController
FNDA:1,_this.handle
DA:1,1
DA:2,1
DA:3,1
DA:4,1
DA:5,1
DA:6,1
DA:7,1
DA:8,1
DA:9,1
DA:10,1
DA:11,1
DA:12,1
DA:13,1
DA:14,1
DA:15,1
DA:16,1
DA:17,1
LF:17
LH:17
BRDA:7,0,0,1
BRDA:7,1,0,1
BRDA:8,2,0,1
BRDA:8,3,0,1
BRF:4
BRH:4
end_of_record
TN:
SF:src/modules/cars/useCases/listCategories/listCategoriesUseCase.ts
FN:9,CreateCategoryUseCase
FN:16,Object.<anonymous>.CreateCategoryUseCase.execute
FNF:2
FNH:2
FNDA:1,CreateCategoryUseCase
FNDA:1,Object.<anonymous>.CreateCategoryUseCase.execute
DA:1,1
DA:2,1
DA:3,1
DA:4,1
DA:5,1
DA:6,1
DA:7,1
DA:8,1
DA:9,1
DA:10,1
DA:11,1
DA:12,1
DA:13,1
DA:14,1
DA:15,1
DA:16,1
DA:17,1
DA:18,1
DA:19,1
DA:20,1
DA:21,1
LF:21
LH:21
BRDA:8,0,0,1
BRDA:9,1,0,1
BRDA:16,2,0,1
BRDA:17,3,0,1
BRF:4
BRH:4
end_of_record
TN:
SF:src/modules/rentals/useCases/createRental/createRentalController.ts
FN:8,CreateRentalController
FN:9,CreateRentalController._this.handle
FNF:2
FNH:1
FNDA:1,CreateRentalController
FNDA:0,CreateRentalController._this.handle
DA:1,1
DA:2,1
DA:3,1
DA:4,1
DA:5,1
DA:6,1
DA:7,1
DA:8,1
DA:9,1
DA:10,0
DA:11,0
DA:12,0
DA:13,0
DA:14,0
DA:15,0
DA:16,0
DA:17,0
DA:18,0
DA:19,0
DA:20,0
DA:21,0
DA:22,0
DA:23,0
DA:24,0
DA:25,0
DA:26,0
DA:27,0
DA:28,1
LF:28
LH:10
BRDA:8,0,0,1
BRDA:8,1,0,1
BRF:2
BRH:2
end_of_record
TN:
SF:src/modules/rentals/useCases/createRental/createRentalUseCase.ts
FN:10,CreateRentalUseCase
FN:19,Object.<anonymous>.CreateRentalUseCase.execute
FNF:2
FNH:2
FNDA:4,CreateRentalUseCase
FNDA:6,Object.<anonymous>.CreateRentalUseCase.execute
DA:1,1
DA:2,1
DA:3,1
DA:4,1
DA:5,1
DA:6,1
DA:7,1
DA:8,1
DA:9,1
DA:10,1
DA:11,4
DA:12,4
DA:13,4
DA:14,4
DA:15,4
DA:16,4
DA:17,4
DA:18,1
DA:19,1
DA:20,6
DA:21,6
DA:22,6
DA:23,6
DA:24,6
DA:25,6
DA:26,6
DA:27,6
DA:28,6
DA:29,6
DA:30,2
DA:31,2
DA:32,6
DA:33,6
DA:34,6
DA:35,6
DA:36,6
DA:37,0
DA:38,0
DA:39,0
DA:40,6
DA:41,6
DA:42,6
DA:43,6
DA:44,6
DA:45,6
DA:46,6
DA:47,1
DA:48,1
DA:49,6
DA:50,6
DA:51,6
DA:52,6
DA:53,6
DA:54,6
DA:55,6
DA:56,6
DA:57,6
DA:58,1
LF:58
LH:55
BRDA:9,0,0,1
BRDA:10,1,0,4
BRDA:19,2,0,6
BRDA:29,3,0,2
BRDA:36,4,0,0
BRDA:46,5,0,1
BRF:6
BRH:5
end_of_record
